mode: atomic
github.com/tryoutshell/tryoutshell/main.go:8.13,10.2 1 0
github.com/tryoutshell/tryoutshell/cmd/list.go:16.47,21.24 3 0
github.com/tryoutshell/tryoutshell/cmd/list.go:21.24,23.4 1 0
github.com/tryoutshell/tryoutshell/cmd/list.go:26.3,27.31 2 0
github.com/tryoutshell/tryoutshell/cmd/list.go:27.31,28.29 1 0
github.com/tryoutshell/tryoutshell/cmd/list.go:28.29,30.10 2 0
github.com/tryoutshell/tryoutshell/cmd/list.go:35.3,36.27 2 0
github.com/tryoutshell/tryoutshell/cmd/list.go:36.27,38.4 1 0
github.com/tryoutshell/tryoutshell/cmd/list.go:41.3,41.75 1 0
github.com/tryoutshell/tryoutshell/cmd/list.go:41.75,43.4 1 0
github.com/tryoutshell/tryoutshell/cmd/list.go:47.13,49.2 1 0
github.com/tryoutshell/tryoutshell/cmd/list.go:51.56,54.16 3 0
github.com/tryoutshell/tryoutshell/cmd/list.go:54.16,56.3 1 0
github.com/tryoutshell/tryoutshell/cmd/list.go:57.2,59.16 3 0
github.com/tryoutshell/tryoutshell/cmd/list.go:59.16,61.3 1 0
github.com/tryoutshell/tryoutshell/cmd/list.go:62.2,62.32 1 0
github.com/tryoutshell/tryoutshell/cmd/root.go:26.16,28.16 2 0
github.com/tryoutshell/tryoutshell/cmd/root.go:28.16,30.3 1 0
github.com/tryoutshell/tryoutshell/cmd/root.go:33.13,44.2 1 0
github.com/tryoutshell/tryoutshell/cmd/start.go:24.47,26.3 1 0
github.com/tryoutshell/tryoutshell/cmd/start.go:29.54,36.20 4 0
github.com/tryoutshell/tryoutshell/cmd/start.go:36.20,38.24 2 0
github.com/tryoutshell/tryoutshell/cmd/start.go:38.24,40.4 1 0
github.com/tryoutshell/tryoutshell/cmd/start.go:41.8,47.31 3 0
github.com/tryoutshell/tryoutshell/cmd/start.go:47.31,48.29 1 0
github.com/tryoutshell/tryoutshell/cmd/start.go:48.29,50.10 2 0
github.com/tryoutshell/tryoutshell/cmd/start.go:54.3,54.17 1 0
github.com/tryoutshell/tryoutshell/cmd/start.go:54.17,56.4 1 0
github.com/tryoutshell/tryoutshell/cmd/start.go:60.2,61.30 2 0
github.com/tryoutshell/tryoutshell/cmd/start.go:61.30,62.28 1 0
github.com/tryoutshell/tryoutshell/cmd/start.go:62.28,64.9 2 0
github.com/tryoutshell/tryoutshell/cmd/start.go:69.2,69.18 1 0
github.com/tryoutshell/tryoutshell/cmd/start.go:69.18,72.39 3 0
github.com/tryoutshell/tryoutshell/cmd/start.go:72.39,73.27 1 0
github.com/tryoutshell/tryoutshell/cmd/start.go:73.27,75.10 2 0
github.com/tryoutshell/tryoutshell/cmd/start.go:79.3,79.20 1 0
github.com/tryoutshell/tryoutshell/cmd/start.go:79.20,81.4 1 0
github.com/tryoutshell/tryoutshell/cmd/start.go:82.8,85.27 2 0
github.com/tryoutshell/tryoutshell/cmd/start.go:85.27,89.4 2 0
github.com/tryoutshell/tryoutshell/cmd/start.go:92.2,94.74 2 0
github.com/tryoutshell/tryoutshell/cmd/start.go:94.74,96.3 1 0
github.com/tryoutshell/tryoutshell/cmd/start.go:99.66,102.27 2 0
github.com/tryoutshell/tryoutshell/cmd/start.go:102.27,109.3 1 0
github.com/tryoutshell/tryoutshell/cmd/start.go:111.2,115.16 4 0
github.com/tryoutshell/tryoutshell/cmd/start.go:115.16,117.3 1 0
github.com/tryoutshell/tryoutshell/cmd/start.go:119.2,119.54 1 0
github.com/tryoutshell/tryoutshell/cmd/start.go:119.54,121.3 1 0
github.com/tryoutshell/tryoutshell/cmd/start.go:123.2,123.11 1 0
github.com/tryoutshell/tryoutshell/cmd/start.go:126.69,134.16 5 0
github.com/tryoutshell/tryoutshell/cmd/start.go:134.16,136.3 1 0
github.com/tryoutshell/tryoutshell/cmd/start.go:138.2,138.60 1 0
github.com/tryoutshell/tryoutshell/cmd/start.go:138.60,139.28 1 0
github.com/tryoutshell/tryoutshell/cmd/start.go:139.28,141.4 1 0
github.com/tryoutshell/tryoutshell/cmd/start.go:142.3,142.38 1 0
github.com/tryoutshell/tryoutshell/cmd/start.go:145.2,145.11 1 0
github.com/tryoutshell/tryoutshell/cmd/start.go:148.13,153.2 4 0
github.com/tryoutshell/tryoutshell/internal/lessons/loader.go:11.69,16.53 2 0
github.com/tryoutshell/tryoutshell/internal/lessons/loader.go:16.53,18.3 1 0
github.com/tryoutshell/tryoutshell/internal/lessons/loader.go:21.2,22.16 2 0
github.com/tryoutshell/tryoutshell/internal/lessons/loader.go:22.16,24.3 1 0
github.com/tryoutshell/tryoutshell/internal/lessons/loader.go:27.2,29.16 3 0
github.com/tryoutshell/tryoutshell/internal/lessons/loader.go:29.16,31.3 1 0
github.com/tryoutshell/tryoutshell/internal/lessons/loader.go:33.2,33.24 1 0
github.com/tryoutshell/tryoutshell/internal/lessons/loader.go:37.70,39.16 2 0
github.com/tryoutshell/tryoutshell/internal/lessons/loader.go:39.16,41.3 1 0
github.com/tryoutshell/tryoutshell/internal/lessons/loader.go:43.2,45.16 3 0
github.com/tryoutshell/tryoutshell/internal/lessons/loader.go:45.16,47.3 1 0
github.com/tryoutshell/tryoutshell/internal/lessons/loader.go:49.2,49.24 1 0
github.com/tryoutshell/tryoutshell/internal/lessons/metadata.go:27.72,31.16 3 0
github.com/tryoutshell/tryoutshell/internal/lessons/metadata.go:31.16,33.3 1 0
github.com/tryoutshell/tryoutshell/internal/lessons/metadata.go:35.2,37.16 3 0
github.com/tryoutshell/tryoutshell/internal/lessons/metadata.go:37.16,39.3 1 0
github.com/tryoutshell/tryoutshell/internal/lessons/metadata.go:41.2,41.33 1 0
github.com/tryoutshell/tryoutshell/internal/lessons/metadata.go:45.78,48.37 2 0
github.com/tryoutshell/tryoutshell/internal/lessons/metadata.go:48.37,50.17 2 0
github.com/tryoutshell/tryoutshell/internal/lessons/metadata.go:50.17,56.12 2 0
github.com/tryoutshell/tryoutshell/internal/lessons/metadata.go:58.3,58.36 1 0
github.com/tryoutshell/tryoutshell/internal/lessons/metadata.go:61.2,61.17 1 0
github.com/tryoutshell/tryoutshell/internal/lessons/types.go:148.75,152.40 3 0
github.com/tryoutshell/tryoutshell/internal/lessons/types.go:152.40,154.3 1 0
github.com/tryoutshell/tryoutshell/internal/lessons/types.go:156.2,159.32 2 0
github.com/tryoutshell/tryoutshell/internal/lessons/types.go:159.32,165.42 4 0
github.com/tryoutshell/tryoutshell/internal/lessons/types.go:165.42,169.51 2 0
github.com/tryoutshell/tryoutshell/internal/lessons/types.go:169.51,170.30 1 0
github.com/tryoutshell/tryoutshell/internal/lessons/types.go:170.30,171.36 1 0
github.com/tryoutshell/tryoutshell/internal/lessons/types.go:171.36,176.7 2 0
github.com/tryoutshell/tryoutshell/internal/lessons/types.go:182.2,182.12 1 0
github.com/tryoutshell/tryoutshell/internal/runner/executor.go:41.26,43.16 2 0
github.com/tryoutshell/tryoutshell/internal/runner/executor.go:43.16,45.3 1 0
github.com/tryoutshell/tryoutshell/internal/runner/executor.go:47.2,48.16 2 0
github.com/tryoutshell/tryoutshell/internal/runner/executor.go:48.16,56.3 1 0
github.com/tryoutshell/tryoutshell/internal/runner/executor.go:59.2,66.3 2 0
github.com/tryoutshell/tryoutshell/internal/runner/executor.go:69.50,79.2 1 0
github.com/tryoutshell/tryoutshell/internal/runner/executor.go:82.53,83.20 1 0
github.com/tryoutshell/tryoutshell/internal/runner/executor.go:83.20,85.3 1 0
github.com/tryoutshell/tryoutshell/internal/runner/executor.go:88.2,97.33 2 0
github.com/tryoutshell/tryoutshell/internal/runner/executor.go:97.33,99.52 2 0
github.com/tryoutshell/tryoutshell/internal/runner/executor.go:99.52,101.4 1 0
github.com/tryoutshell/tryoutshell/internal/runner/executor.go:105.2,111.41 2 0
github.com/tryoutshell/tryoutshell/internal/runner/executor.go:111.41,115.54 3 0
github.com/tryoutshell/tryoutshell/internal/runner/executor.go:115.54,116.12 1 0
github.com/tryoutshell/tryoutshell/internal/runner/executor.go:119.3,119.71 1 0
github.com/tryoutshell/tryoutshell/internal/runner/executor.go:119.71,120.12 1 0
github.com/tryoutshell/tryoutshell/internal/runner/executor.go:125.2,125.42 1 0
github.com/tryoutshell/tryoutshell/internal/runner/executor.go:125.42,127.3 1 0
github.com/tryoutshell/tryoutshell/internal/runner/executor.go:128.2,128.39 1 0
github.com/tryoutshell/tryoutshell/internal/runner/executor.go:128.39,130.3 1 0
github.com/tryoutshell/tryoutshell/internal/runner/executor.go:132.2,132.12 1 0
github.com/tryoutshell/tryoutshell/internal/runner/executor.go:136.44,145.27 2 0
github.com/tryoutshell/tryoutshell/internal/runner/executor.go:145.27,147.52 2 0
github.com/tryoutshell/tryoutshell/internal/runner/executor.go:147.52,149.4 1 0
github.com/tryoutshell/tryoutshell/internal/runner/executor.go:152.2,152.12 1 0
github.com/tryoutshell/tryoutshell/internal/runner/executor.go:156.41,158.52 2 0
github.com/tryoutshell/tryoutshell/internal/runner/executor.go:158.52,160.3 1 0
github.com/tryoutshell/tryoutshell/internal/runner/executor.go:162.2,164.34 3 0
github.com/tryoutshell/tryoutshell/internal/runner/executor.go:164.34,166.3 1 0
github.com/tryoutshell/tryoutshell/internal/runner/executor.go:168.2,171.12 3 0
github.com/tryoutshell/tryoutshell/internal/runner/executor.go:175.69,183.28 3 0
github.com/tryoutshell/tryoutshell/internal/runner/executor.go:183.28,189.3 5 0
github.com/tryoutshell/tryoutshell/internal/runner/executor.go:192.2,192.37 1 0
github.com/tryoutshell/tryoutshell/internal/runner/executor.go:192.37,194.3 1 0
github.com/tryoutshell/tryoutshell/internal/runner/executor.go:197.2,197.18 1 0
github.com/tryoutshell/tryoutshell/internal/runner/executor.go:197.18,199.3 1 0
github.com/tryoutshell/tryoutshell/internal/runner/executor.go:201.2,229.22 12 0
github.com/tryoutshell/tryoutshell/internal/runner/executor.go:229.22,230.19 1 0
github.com/tryoutshell/tryoutshell/internal/runner/executor.go:230.19,232.4 1 0
github.com/tryoutshell/tryoutshell/internal/runner/executor.go:233.3,233.28 1 0
github.com/tryoutshell/tryoutshell/internal/runner/executor.go:236.2,237.16 2 0
github.com/tryoutshell/tryoutshell/internal/runner/executor.go:237.16,238.47 1 0
github.com/tryoutshell/tryoutshell/internal/runner/executor.go:238.47,240.4 1 0
github.com/tryoutshell/tryoutshell/internal/runner/executor.go:240.9,240.51 1 0
github.com/tryoutshell/tryoutshell/internal/runner/executor.go:240.51,243.4 2 0
github.com/tryoutshell/tryoutshell/internal/runner/executor.go:243.9,245.4 1 0
github.com/tryoutshell/tryoutshell/internal/runner/executor.go:248.2,253.15 5 0
github.com/tryoutshell/tryoutshell/internal/runner/executor.go:257.67,265.17 2 0
github.com/tryoutshell/tryoutshell/internal/runner/executor.go:266.14,267.31 1 0
github.com/tryoutshell/tryoutshell/internal/runner/executor.go:269.13,271.17 2 0
github.com/tryoutshell/tryoutshell/internal/runner/executor.go:271.17,275.4 3 0
github.com/tryoutshell/tryoutshell/internal/runner/executor.go:277.3,280.22 3 0
github.com/tryoutshell/tryoutshell/internal/runner/executor.go:280.22,282.4 1 0
github.com/tryoutshell/tryoutshell/internal/runner/executor.go:282.9,284.31 2 0
github.com/tryoutshell/tryoutshell/internal/runner/executor.go:284.31,290.21 5 0
github.com/tryoutshell/tryoutshell/internal/runner/executor.go:290.21,292.6 1 0
github.com/tryoutshell/tryoutshell/internal/runner/executor.go:292.11,294.6 1 0
github.com/tryoutshell/tryoutshell/internal/runner/executor.go:297.3,297.34 1 0
github.com/tryoutshell/tryoutshell/internal/runner/executor.go:299.16,304.17 3 0
github.com/tryoutshell/tryoutshell/internal/runner/executor.go:304.17,306.4 1 0
github.com/tryoutshell/tryoutshell/internal/runner/executor.go:306.9,308.23 2 0
github.com/tryoutshell/tryoutshell/internal/runner/executor.go:308.23,310.5 1 0
github.com/tryoutshell/tryoutshell/internal/runner/executor.go:310.10,311.32 1 0
github.com/tryoutshell/tryoutshell/internal/runner/executor.go:311.32,312.22 1 0
github.com/tryoutshell/tryoutshell/internal/runner/executor.go:312.22,314.7 1 0
github.com/tryoutshell/tryoutshell/internal/runner/executor.go:314.12,316.7 1 0
github.com/tryoutshell/tryoutshell/internal/runner/executor.go:321.14,323.42 2 0
github.com/tryoutshell/tryoutshell/internal/runner/executor.go:325.10,326.208 1 0
github.com/tryoutshell/tryoutshell/internal/runner/executor.go:329.2,329.15 1 0
github.com/tryoutshell/tryoutshell/internal/runner/executor.go:333.72,343.33 3 0
github.com/tryoutshell/tryoutshell/internal/runner/executor.go:343.33,344.37 1 0
github.com/tryoutshell/tryoutshell/internal/runner/executor.go:344.37,349.9 2 0
github.com/tryoutshell/tryoutshell/internal/runner/executor.go:353.2,353.80 1 0
github.com/tryoutshell/tryoutshell/internal/runner/executor.go:353.80,358.3 1 0
github.com/tryoutshell/tryoutshell/internal/runner/executor.go:360.2,360.19 1 0
github.com/tryoutshell/tryoutshell/internal/runner/executor.go:360.19,362.70 2 0
github.com/tryoutshell/tryoutshell/internal/runner/executor.go:362.70,368.4 1 0
github.com/tryoutshell/tryoutshell/internal/runner/executor.go:368.9,374.4 2 0
github.com/tryoutshell/tryoutshell/internal/runner/executor.go:377.2,377.34 1 0
github.com/tryoutshell/tryoutshell/internal/runner/executor.go:381.108,388.25 3 0
github.com/tryoutshell/tryoutshell/internal/runner/executor.go:389.15,391.33 2 0
github.com/tryoutshell/tryoutshell/internal/runner/executor.go:391.33,393.4 1 0
github.com/tryoutshell/tryoutshell/internal/runner/executor.go:394.3,395.17 2 0
github.com/tryoutshell/tryoutshell/internal/runner/executor.go:395.17,399.4 2 0
github.com/tryoutshell/tryoutshell/internal/runner/executor.go:399.9,404.15 4 0
github.com/tryoutshell/tryoutshell/internal/runner/executor.go:404.15,407.5 1 0
github.com/tryoutshell/tryoutshell/internal/runner/executor.go:410.19,414.33 3 0
github.com/tryoutshell/tryoutshell/internal/runner/executor.go:414.33,419.4 1 0
github.com/tryoutshell/tryoutshell/internal/runner/executor.go:419.9,421.4 1 0
github.com/tryoutshell/tryoutshell/internal/runner/executor.go:423.3,423.14 1 0
github.com/tryoutshell/tryoutshell/internal/runner/executor.go:423.14,427.4 2 0
github.com/tryoutshell/tryoutshell/internal/runner/executor.go:429.19,437.14 6 0
github.com/tryoutshell/tryoutshell/internal/runner/executor.go:437.14,440.4 1 0
github.com/tryoutshell/tryoutshell/internal/runner/executor.go:442.21,447.41 4 0
github.com/tryoutshell/tryoutshell/internal/runner/executor.go:447.41,449.47 2 0
github.com/tryoutshell/tryoutshell/internal/runner/executor.go:449.47,451.5 1 0
github.com/tryoutshell/tryoutshell/internal/runner/executor.go:451.10,453.5 1 0
github.com/tryoutshell/tryoutshell/internal/runner/executor.go:456.3,459.14 3 0
github.com/tryoutshell/tryoutshell/internal/runner/executor.go:459.14,464.4 2 0
github.com/tryoutshell/tryoutshell/internal/runner/executor.go:466.25,471.47 4 0
github.com/tryoutshell/tryoutshell/internal/runner/executor.go:471.47,472.48 1 0
github.com/tryoutshell/tryoutshell/internal/runner/executor.go:472.48,474.28 2 0
github.com/tryoutshell/tryoutshell/internal/runner/executor.go:474.28,476.11 2 0
github.com/tryoutshell/tryoutshell/internal/runner/executor.go:478.10,480.5 1 0
github.com/tryoutshell/tryoutshell/internal/runner/executor.go:483.3,483.26 1 0
github.com/tryoutshell/tryoutshell/internal/runner/executor.go:483.26,485.4 1 0
github.com/tryoutshell/tryoutshell/internal/runner/executor.go:487.3,489.14 2 0
github.com/tryoutshell/tryoutshell/internal/runner/executor.go:489.14,490.27 1 0
github.com/tryoutshell/tryoutshell/internal/runner/executor.go:490.27,493.5 1 0
github.com/tryoutshell/tryoutshell/internal/runner/executor.go:493.10,496.5 1 0
github.com/tryoutshell/tryoutshell/internal/runner/executor.go:499.10,506.14 5 0
github.com/tryoutshell/tryoutshell/internal/runner/executor.go:506.14,509.4 1 0
github.com/tryoutshell/tryoutshell/internal/runner/executor.go:512.2,515.23 3 0
github.com/tryoutshell/tryoutshell/internal/runner/executor.go:519.51,520.46 1 0
github.com/tryoutshell/tryoutshell/internal/runner/executor.go:520.46,521.35 1 0
github.com/tryoutshell/tryoutshell/internal/runner/executor.go:521.35,523.4 1 0
github.com/tryoutshell/tryoutshell/internal/runner/executor.go:525.2,525.14 1 0
github.com/tryoutshell/tryoutshell/internal/runner/executor.go:529.41,531.2 1 0
github.com/tryoutshell/tryoutshell/internal/runner/executor.go:534.37,536.2 1 0
github.com/tryoutshell/tryoutshell/internal/runner/executor.go:539.34,540.42 1 0
github.com/tryoutshell/tryoutshell/internal/runner/executor.go:540.42,542.3 1 0
github.com/tryoutshell/tryoutshell/internal/runner/executor.go:544.2,544.53 1 0
github.com/tryoutshell/tryoutshell/internal/runner/executor.go:544.53,546.3 1 0
github.com/tryoutshell/tryoutshell/internal/runner/executor.go:548.2,548.35 1 0
github.com/tryoutshell/tryoutshell/internal/runner/executor.go:552.48,555.90 2 0
github.com/tryoutshell/tryoutshell/internal/runner/executor.go:555.90,556.17 1 0
github.com/tryoutshell/tryoutshell/internal/runner/executor.go:556.17,558.4 1 0
github.com/tryoutshell/tryoutshell/internal/runner/executor.go:560.3,561.17 2 0
github.com/tryoutshell/tryoutshell/internal/runner/executor.go:561.17,563.4 1 0
github.com/tryoutshell/tryoutshell/internal/runner/executor.go:565.3,565.20 1 0
github.com/tryoutshell/tryoutshell/internal/runner/executor.go:565.20,567.4 1 0
github.com/tryoutshell/tryoutshell/internal/runner/executor.go:568.3,568.13 1 0
github.com/tryoutshell/tryoutshell/internal/runner/executor.go:571.2,571.19 1 0
github.com/tryoutshell/tryoutshell/internal/runner/executor.go:574.50,575.48 1 0
github.com/tryoutshell/tryoutshell/internal/runner/executor.go:575.48,577.3 1 0
github.com/tryoutshell/tryoutshell/internal/runner/executor.go:578.2,579.12 2 0
github.com/tryoutshell/tryoutshell/internal/ui/launcher.go:13.54,16.16 2 0
github.com/tryoutshell/tryoutshell/internal/ui/launcher.go:16.16,18.3 1 0
github.com/tryoutshell/tryoutshell/internal/ui/launcher.go:21.2,22.16 2 0
github.com/tryoutshell/tryoutshell/internal/ui/launcher.go:22.16,24.3 1 0
github.com/tryoutshell/tryoutshell/internal/ui/launcher.go:26.2,29.54 2 0
github.com/tryoutshell/tryoutshell/internal/ui/launcher.go:29.54,31.3 1 0
github.com/tryoutshell/tryoutshell/internal/ui/launcher.go:34.2,34.45 1 0
github.com/tryoutshell/tryoutshell/internal/ui/launcher.go:34.45,36.3 1 0
github.com/tryoutshell/tryoutshell/internal/ui/launcher.go:38.2,55.35 6 0
github.com/tryoutshell/tryoutshell/internal/ui/launcher.go:55.35,57.3 1 0
github.com/tryoutshell/tryoutshell/internal/ui/launcher.go:59.2,59.12 1 0
github.com/tryoutshell/tryoutshell/internal/ui/lesson_list.go:30.42,30.69 1 0
github.com/tryoutshell/tryoutshell/internal/ui/lesson_list.go:34.70,34.82 1 0
github.com/tryoutshell/tryoutshell/internal/ui/lesson_list.go:35.70,35.82 1 0
github.com/tryoutshell/tryoutshell/internal/ui/lesson_list.go:36.70,36.84 1 0
github.com/tryoutshell/tryoutshell/internal/ui/lesson_list.go:37.94,39.9 2 0
github.com/tryoutshell/tryoutshell/internal/ui/lesson_list.go:39.9,41.3 1 0
github.com/tryoutshell/tryoutshell/internal/ui/lesson_list.go:43.2,47.25 3 0
github.com/tryoutshell/tryoutshell/internal/ui/lesson_list.go:48.22,49.29 1 0
github.com/tryoutshell/tryoutshell/internal/ui/lesson_list.go:50.18,51.32 1 0
github.com/tryoutshell/tryoutshell/internal/ui/lesson_list.go:55.2,56.24 2 0
github.com/tryoutshell/tryoutshell/internal/ui/lesson_list.go:56.24,58.23 2 0
github.com/tryoutshell/tryoutshell/internal/ui/lesson_list.go:58.23,60.4 1 0
github.com/tryoutshell/tryoutshell/internal/ui/lesson_list.go:64.2,72.20 4 0
github.com/tryoutshell/tryoutshell/internal/ui/lesson_list.go:72.20,74.3 1 0
github.com/tryoutshell/tryoutshell/internal/ui/lesson_list.go:77.2,78.33 2 0
github.com/tryoutshell/tryoutshell/internal/ui/lesson_list.go:78.33,80.3 1 0
github.com/tryoutshell/tryoutshell/internal/ui/lesson_list.go:82.2,83.24 2 0
github.com/tryoutshell/tryoutshell/internal/ui/lesson_list.go:83.24,84.33 1 0
github.com/tryoutshell/tryoutshell/internal/ui/lesson_list.go:84.33,87.4 2 0
github.com/tryoutshell/tryoutshell/internal/ui/lesson_list.go:88.3,88.25 1 0
github.com/tryoutshell/tryoutshell/internal/ui/lesson_list.go:89.8,91.3 1 0
github.com/tryoutshell/tryoutshell/internal/ui/lesson_list.go:93.2,96.28 2 0
github.com/tryoutshell/tryoutshell/internal/ui/lesson_list.go:106.102,108.33 2 0
github.com/tryoutshell/tryoutshell/internal/ui/lesson_list.go:108.33,110.3 1 0
github.com/tryoutshell/tryoutshell/internal/ui/lesson_list.go:111.2,126.3 11 0
github.com/tryoutshell/tryoutshell/internal/ui/lesson_list.go:129.41,131.2 1 0
github.com/tryoutshell/tryoutshell/internal/ui/lesson_list.go:133.67,134.27 1 0
github.com/tryoutshell/tryoutshell/internal/ui/lesson_list.go:135.25,137.16 2 0
github.com/tryoutshell/tryoutshell/internal/ui/lesson_list.go:139.18,140.45 1 0
github.com/tryoutshell/tryoutshell/internal/ui/lesson_list.go:141.17,143.22 2 0
github.com/tryoutshell/tryoutshell/internal/ui/lesson_list.go:145.19,148.22 2 0
github.com/tryoutshell/tryoutshell/internal/ui/lesson_list.go:150.16,152.10 2 0
github.com/tryoutshell/tryoutshell/internal/ui/lesson_list.go:152.10,154.5 1 0
github.com/tryoutshell/tryoutshell/internal/ui/lesson_list.go:155.4,155.22 1 0
github.com/tryoutshell/tryoutshell/internal/ui/lesson_list.go:159.2,161.15 3 0
github.com/tryoutshell/tryoutshell/internal/ui/lesson_list.go:164.40,165.16 1 0
github.com/tryoutshell/tryoutshell/internal/ui/lesson_list.go:165.16,167.3 1 0
github.com/tryoutshell/tryoutshell/internal/ui/lesson_list.go:168.2,168.29 1 0
github.com/tryoutshell/tryoutshell/internal/ui/lesson_list.go:171.50,173.2 1 0
github.com/tryoutshell/tryoutshell/internal/ui/lesson_list.go:175.41,177.2 1 0
github.com/tryoutshell/tryoutshell/internal/ui/list_model.go:40.63,51.2 3 0
github.com/tryoutshell/tryoutshell/internal/ui/list_model.go:52.45,54.2 1 0
github.com/tryoutshell/tryoutshell/internal/ui/list_model.go:56.57,57.50 1 0
github.com/tryoutshell/tryoutshell/internal/ui/list_model.go:57.50,59.3 1 0
github.com/tryoutshell/tryoutshell/internal/ui/list_model.go:60.2,60.15 1 0
github.com/tryoutshell/tryoutshell/internal/ui/list_model.go:63.35,65.2 1 0
github.com/tryoutshell/tryoutshell/internal/ui/list_model.go:67.61,68.27 1 0
github.com/tryoutshell/tryoutshell/internal/ui/list_model.go:69.18,70.23 1 0
github.com/tryoutshell/tryoutshell/internal/ui/list_model.go:71.22,73.22 2 0
github.com/tryoutshell/tryoutshell/internal/ui/list_model.go:75.14,76.35 1 0
github.com/tryoutshell/tryoutshell/internal/ui/list_model.go:76.35,80.5 2 0
github.com/tryoutshell/tryoutshell/internal/ui/list_model.go:80.10,83.5 2 0
github.com/tryoutshell/tryoutshell/internal/ui/list_model.go:85.18,86.41 1 0
github.com/tryoutshell/tryoutshell/internal/ui/list_model.go:86.41,87.26 1 0
github.com/tryoutshell/tryoutshell/internal/ui/list_model.go:87.26,89.6 1 0
github.com/tryoutshell/tryoutshell/internal/ui/list_model.go:90.10,91.29 1 0
github.com/tryoutshell/tryoutshell/internal/ui/list_model.go:91.29,93.6 1 0
github.com/tryoutshell/tryoutshell/internal/ui/list_model.go:96.20,97.41 1 0
github.com/tryoutshell/tryoutshell/internal/ui/list_model.go:97.41,98.47 1 0
github.com/tryoutshell/tryoutshell/internal/ui/list_model.go:98.47,100.6 1 0
github.com/tryoutshell/tryoutshell/internal/ui/list_model.go:101.10,102.55 1 0
github.com/tryoutshell/tryoutshell/internal/ui/list_model.go:102.55,104.6 1 0
github.com/tryoutshell/tryoutshell/internal/ui/list_model.go:107.16,108.41 1 0
github.com/tryoutshell/tryoutshell/internal/ui/list_model.go:108.41,113.5 3 0
github.com/tryoutshell/tryoutshell/internal/ui/list_model.go:113.10,118.5 3 0
github.com/tryoutshell/tryoutshell/internal/ui/list_model.go:121.25,123.24 2 0
github.com/tryoutshell/tryoutshell/internal/ui/list_model.go:126.2,126.15 1 0
github.com/tryoutshell/tryoutshell/internal/ui/list_model.go:129.34,130.16 1 0
github.com/tryoutshell/tryoutshell/internal/ui/list_model.go:130.16,132.3 1 0
github.com/tryoutshell/tryoutshell/internal/ui/list_model.go:134.2,134.39 1 0
github.com/tryoutshell/tryoutshell/internal/ui/list_model.go:134.39,136.3 1 0
github.com/tryoutshell/tryoutshell/internal/ui/list_model.go:137.2,137.26 1 0
github.com/tryoutshell/tryoutshell/internal/ui/list_model.go:140.49,156.38 8 0
github.com/tryoutshell/tryoutshell/internal/ui/list_model.go:156.38,159.25 2 0
github.com/tryoutshell/tryoutshell/internal/ui/list_model.go:159.25,168.4 2 0
github.com/tryoutshell/tryoutshell/internal/ui/list_model.go:168.9,172.4 1 0
github.com/tryoutshell/tryoutshell/internal/ui/list_model.go:174.3,174.22 1 0
github.com/tryoutshell/tryoutshell/internal/ui/list_model.go:177.2,183.10 4 0
github.com/tryoutshell/tryoutshell/internal/ui/list_model.go:186.43,205.48 7 0
github.com/tryoutshell/tryoutshell/internal/ui/list_model.go:205.48,211.28 2 0
github.com/tryoutshell/tryoutshell/internal/ui/list_model.go:211.28,229.4 6 0
github.com/tryoutshell/tryoutshell/internal/ui/list_model.go:229.9,233.4 2 0
github.com/tryoutshell/tryoutshell/internal/ui/list_model.go:236.3,236.38 1 0
github.com/tryoutshell/tryoutshell/internal/ui/list_model.go:236.38,239.4 2 0
github.com/tryoutshell/tryoutshell/internal/ui/list_model.go:242.2,248.10 4 0
github.com/tryoutshell/tryoutshell/internal/ui/list_model.go:251.39,259.2 1 0
github.com/tryoutshell/tryoutshell/internal/ui/list_model.go:262.50,263.24 1 0
github.com/tryoutshell/tryoutshell/internal/ui/list_model.go:263.24,268.3 1 0
github.com/tryoutshell/tryoutshell/internal/ui/models.go:126.78,151.21 14 0
github.com/tryoutshell/tryoutshell/internal/ui/models.go:151.21,154.49 2 0
github.com/tryoutshell/tryoutshell/internal/ui/models.go:154.49,156.4 1 0
github.com/tryoutshell/tryoutshell/internal/ui/models.go:157.8,159.3 1 0
github.com/tryoutshell/tryoutshell/internal/ui/models.go:161.2,178.3 1 0
github.com/tryoutshell/tryoutshell/internal/ui/models.go:182.31,184.2 1 0
github.com/tryoutshell/tryoutshell/internal/ui/models.go:187.57,193.27 2 0
github.com/tryoutshell/tryoutshell/internal/ui/models.go:194.18,199.68 3 0
github.com/tryoutshell/tryoutshell/internal/ui/models.go:199.68,203.4 2 0
github.com/tryoutshell/tryoutshell/internal/ui/models.go:206.3,206.34 1 0
github.com/tryoutshell/tryoutshell/internal/ui/models.go:206.34,212.4 2 0
github.com/tryoutshell/tryoutshell/internal/ui/models.go:215.3,215.32 1 0
github.com/tryoutshell/tryoutshell/internal/ui/models.go:215.32,216.24 1 0
github.com/tryoutshell/tryoutshell/internal/ui/models.go:217.23,219.23 2 0
github.com/tryoutshell/tryoutshell/internal/ui/models.go:221.17,222.27 1 0
github.com/tryoutshell/tryoutshell/internal/ui/models.go:224.15,225.28 1 0
github.com/tryoutshell/tryoutshell/internal/ui/models.go:227.19,229.29 1 0
github.com/tryoutshell/tryoutshell/internal/ui/models.go:229.29,232.6 2 0
github.com/tryoutshell/tryoutshell/internal/ui/models.go:232.11,235.6 1 0
github.com/tryoutshell/tryoutshell/internal/ui/models.go:236.5,236.18 1 0
github.com/tryoutshell/tryoutshell/internal/ui/models.go:238.21,242.71 2 0
github.com/tryoutshell/tryoutshell/internal/ui/models.go:242.71,245.6 2 0
github.com/tryoutshell/tryoutshell/internal/ui/models.go:245.11,248.6 1 0
github.com/tryoutshell/tryoutshell/internal/ui/models.go:249.5,249.18 1 0
github.com/tryoutshell/tryoutshell/internal/ui/models.go:251.18,252.26 1 0
github.com/tryoutshell/tryoutshell/internal/ui/models.go:254.12,256.18 1 0
github.com/tryoutshell/tryoutshell/internal/ui/models.go:261.3,261.27 1 0
github.com/tryoutshell/tryoutshell/internal/ui/models.go:261.27,262.24 1 0
github.com/tryoutshell/tryoutshell/internal/ui/models.go:263.13,268.18 3 0
github.com/tryoutshell/tryoutshell/internal/ui/models.go:270.18,272.23 2 0
github.com/tryoutshell/tryoutshell/internal/ui/models.go:274.17,275.27 1 0
github.com/tryoutshell/tryoutshell/internal/ui/models.go:277.15,278.28 1 0
github.com/tryoutshell/tryoutshell/internal/ui/models.go:280.18,281.26 1 0
github.com/tryoutshell/tryoutshell/internal/ui/models.go:283.13,284.33 1 0
github.com/tryoutshell/tryoutshell/internal/ui/models.go:286.39,290.18 3 0
github.com/tryoutshell/tryoutshell/internal/ui/models.go:292.16,295.18 2 0
github.com/tryoutshell/tryoutshell/internal/ui/models.go:297.18,300.18 2 0
github.com/tryoutshell/tryoutshell/internal/ui/models.go:302.12,306.18 3 0
github.com/tryoutshell/tryoutshell/internal/ui/models.go:311.3,311.10 1 0
github.com/tryoutshell/tryoutshell/internal/ui/models.go:312.37,313.26 1 0
github.com/tryoutshell/tryoutshell/internal/ui/models.go:315.35,316.27 1 0
github.com/tryoutshell/tryoutshell/internal/ui/models.go:318.36,319.32 1 0
github.com/tryoutshell/tryoutshell/internal/ui/models.go:321.34,323.17 2 0
github.com/tryoutshell/tryoutshell/internal/ui/models.go:325.36,327.17 2 0
github.com/tryoutshell/tryoutshell/internal/ui/models.go:328.31,330.17 2 0
github.com/tryoutshell/tryoutshell/internal/ui/models.go:332.33,334.17 2 0
github.com/tryoutshell/tryoutshell/internal/ui/models.go:335.36,336.25 1 0
github.com/tryoutshell/tryoutshell/internal/ui/models.go:339.29,343.16 3 0
github.com/tryoutshell/tryoutshell/internal/ui/models.go:345.25,352.15 5 0
github.com/tryoutshell/tryoutshell/internal/ui/models.go:352.15,357.4 4 0
github.com/tryoutshell/tryoutshell/internal/ui/models.go:357.9,360.4 2 0
github.com/tryoutshell/tryoutshell/internal/ui/models.go:362.3,362.28 1 0
github.com/tryoutshell/tryoutshell/internal/ui/models.go:364.24,365.36 1 0
github.com/tryoutshell/tryoutshell/internal/ui/models.go:367.22,368.25 1 0
github.com/tryoutshell/tryoutshell/internal/ui/models.go:372.2,375.61 1 0
github.com/tryoutshell/tryoutshell/internal/ui/models.go:375.61,378.3 2 0
github.com/tryoutshell/tryoutshell/internal/ui/models.go:380.2,380.30 1 0
github.com/tryoutshell/tryoutshell/internal/ui/models.go:386.47,387.24 1 0
github.com/tryoutshell/tryoutshell/internal/ui/models.go:387.24,390.3 2 0
github.com/tryoutshell/tryoutshell/internal/ui/models.go:394.51,395.17 1 0
github.com/tryoutshell/tryoutshell/internal/ui/models.go:396.25,400.16 4 0
github.com/tryoutshell/tryoutshell/internal/ui/models.go:402.19,405.20 2 0
github.com/tryoutshell/tryoutshell/internal/ui/models.go:406.15,407.26 1 0
github.com/tryoutshell/tryoutshell/internal/ui/models.go:409.18,413.28 2 0
github.com/tryoutshell/tryoutshell/internal/ui/models.go:413.28,415.5 1 0
github.com/tryoutshell/tryoutshell/internal/ui/models.go:417.4,417.84 1 0
github.com/tryoutshell/tryoutshell/internal/ui/models.go:417.84,421.5 3 0
github.com/tryoutshell/tryoutshell/internal/ui/models.go:424.4,424.34 1 0
github.com/tryoutshell/tryoutshell/internal/ui/models.go:424.34,426.5 1 0
github.com/tryoutshell/tryoutshell/internal/ui/models.go:427.4,427.17 1 0
github.com/tryoutshell/tryoutshell/internal/ui/models.go:429.15,431.44 1 0
github.com/tryoutshell/tryoutshell/internal/ui/models.go:431.44,439.46 5 0
github.com/tryoutshell/tryoutshell/internal/ui/models.go:439.46,442.6 2 0
github.com/tryoutshell/tryoutshell/internal/ui/models.go:444.5,444.30 1 0
github.com/tryoutshell/tryoutshell/internal/ui/models.go:446.4,446.17 1 0
github.com/tryoutshell/tryoutshell/internal/ui/models.go:448.20,450.26 1 0
github.com/tryoutshell/tryoutshell/internal/ui/models.go:452.25,453.26 1 0
github.com/tryoutshell/tryoutshell/internal/ui/models.go:455.11,456.26 1 0
github.com/tryoutshell/tryoutshell/internal/ui/models.go:459.23,461.21 2 0
github.com/tryoutshell/tryoutshell/internal/ui/models.go:464.2,464.15 1 0
github.com/tryoutshell/tryoutshell/internal/ui/models.go:468.52,469.23 1 0
github.com/tryoutshell/tryoutshell/internal/ui/models.go:469.23,478.3 8 0
github.com/tryoutshell/tryoutshell/internal/ui/models.go:479.2,479.15 1 0
github.com/tryoutshell/tryoutshell/internal/ui/models.go:483.50,484.68 1 0
github.com/tryoutshell/tryoutshell/internal/ui/models.go:484.68,486.3 1 0
github.com/tryoutshell/tryoutshell/internal/ui/models.go:488.2,491.28 2 0
github.com/tryoutshell/tryoutshell/internal/ui/models.go:491.28,498.63 5 0
github.com/tryoutshell/tryoutshell/internal/ui/models.go:498.63,500.4 1 0
github.com/tryoutshell/tryoutshell/internal/ui/models.go:504.2,504.24 1 0
github.com/tryoutshell/tryoutshell/internal/ui/models.go:508.57,509.28 1 0
github.com/tryoutshell/tryoutshell/internal/ui/models.go:509.28,511.52 2 0
github.com/tryoutshell/tryoutshell/internal/ui/models.go:511.52,512.39 1 0
github.com/tryoutshell/tryoutshell/internal/ui/models.go:512.39,515.5 2 0
github.com/tryoutshell/tryoutshell/internal/ui/models.go:518.2,518.15 1 0
github.com/tryoutshell/tryoutshell/internal/ui/models.go:522.79,527.17 4 0
github.com/tryoutshell/tryoutshell/internal/ui/models.go:527.17,529.3 1 0
github.com/tryoutshell/tryoutshell/internal/ui/models.go:529.8,531.3 1 0
github.com/tryoutshell/tryoutshell/internal/ui/models.go:533.2,534.15 2 0
github.com/tryoutshell/tryoutshell/internal/ui/models.go:538.51,539.36 1 0
github.com/tryoutshell/tryoutshell/internal/ui/models.go:539.36,549.3 9 0
github.com/tryoutshell/tryoutshell/internal/ui/models.go:549.8,552.3 2 0
github.com/tryoutshell/tryoutshell/internal/ui/models.go:553.2,553.15 1 0
github.com/tryoutshell/tryoutshell/internal/ui/models.go:557.41,558.14 1 0
github.com/tryoutshell/tryoutshell/internal/ui/models.go:558.14,560.3 1 0
github.com/tryoutshell/tryoutshell/internal/ui/models.go:562.2,563.17 2 0
github.com/tryoutshell/tryoutshell/internal/ui/models.go:564.25,565.35 1 0
github.com/tryoutshell/tryoutshell/internal/ui/models.go:566.19,567.29 1 0
github.com/tryoutshell/tryoutshell/internal/ui/models.go:568.23,569.33 1 0
github.com/tryoutshell/tryoutshell/internal/ui/models.go:587.2,587.32 1 0
github.com/tryoutshell/tryoutshell/internal/ui/models.go:591.30,592.22 1 0
github.com/tryoutshell/tryoutshell/internal/ui/models.go:592.22,594.3 1 0
github.com/tryoutshell/tryoutshell/internal/ui/models.go:596.2,596.16 1 0
github.com/tryoutshell/tryoutshell/internal/ui/models.go:596.16,600.3 2 0
github.com/tryoutshell/tryoutshell/internal/ui/models.go:603.2,613.3 3 0
github.com/tryoutshell/tryoutshell/internal/ui/models.go:617.38,624.2 2 0
github.com/tryoutshell/tryoutshell/internal/ui/models.go:628.38,632.67 3 0
github.com/tryoutshell/tryoutshell/internal/ui/models.go:632.67,637.22 3 0
github.com/tryoutshell/tryoutshell/internal/ui/models.go:638.20,639.25 1 0
github.com/tryoutshell/tryoutshell/internal/ui/models.go:640.22,641.27 1 0
github.com/tryoutshell/tryoutshell/internal/ui/models.go:642.20,643.25 1 0
github.com/tryoutshell/tryoutshell/internal/ui/models.go:644.19,645.24 1 0
github.com/tryoutshell/tryoutshell/internal/ui/models.go:649.2,652.37 4 0
github.com/tryoutshell/tryoutshell/internal/ui/models.go:652.37,657.3 2 0
github.com/tryoutshell/tryoutshell/internal/ui/models.go:660.2,671.63 3 0
github.com/tryoutshell/tryoutshell/internal/ui/models.go:685.78,686.24 1 0
github.com/tryoutshell/tryoutshell/internal/ui/models.go:686.24,694.55 3 0
github.com/tryoutshell/tryoutshell/internal/ui/models.go:694.55,695.55 1 0
github.com/tryoutshell/tryoutshell/internal/ui/models.go:695.55,697.16 2 0
github.com/tryoutshell/tryoutshell/internal/ui/models.go:697.16,698.11 1 0
github.com/tryoutshell/tryoutshell/internal/ui/models.go:704.3,709.26 2 0
github.com/tryoutshell/tryoutshell/internal/ui/models.go:709.26,711.4 1 0
github.com/tryoutshell/tryoutshell/internal/ui/models.go:713.3,718.4 1 0
github.com/tryoutshell/tryoutshell/internal/ui/models.go:723.56,724.24 1 0
github.com/tryoutshell/tryoutshell/internal/ui/models.go:724.24,736.3 3 0
github.com/tryoutshell/tryoutshell/internal/ui/org_ascii.go:51.39,61.23 3 0
github.com/tryoutshell/tryoutshell/internal/ui/org_ascii.go:61.23,63.3 1 0
github.com/tryoutshell/tryoutshell/internal/ui/org_ascii.go:67.2,68.26 2 0
github.com/tryoutshell/tryoutshell/internal/ui/org_ascii.go:72.28,75.2 2 0
github.com/tryoutshell/tryoutshell/internal/ui/org_list.go:28.39,28.56 1 0
github.com/tryoutshell/tryoutshell/internal/ui/org_list.go:32.67,32.79 1 0
github.com/tryoutshell/tryoutshell/internal/ui/org_list.go:33.67,33.79 1 0
github.com/tryoutshell/tryoutshell/internal/ui/org_list.go:34.67,34.81 1 0
github.com/tryoutshell/tryoutshell/internal/ui/org_list.go:35.91,37.9 2 0
github.com/tryoutshell/tryoutshell/internal/ui/org_list.go:37.9,39.3 1 0
github.com/tryoutshell/tryoutshell/internal/ui/org_list.go:41.2,44.24 3 0
github.com/tryoutshell/tryoutshell/internal/ui/org_list.go:44.24,45.33 1 0
github.com/tryoutshell/tryoutshell/internal/ui/org_list.go:45.33,47.4 1 0
github.com/tryoutshell/tryoutshell/internal/ui/org_list.go:50.2,50.24 1 0
github.com/tryoutshell/tryoutshell/internal/ui/org_list.go:59.51,61.27 2 0
github.com/tryoutshell/tryoutshell/internal/ui/org_list.go:61.27,63.3 1 0
github.com/tryoutshell/tryoutshell/internal/ui/org_list.go:65.2,76.30 10 0
github.com/tryoutshell/tryoutshell/internal/ui/org_list.go:79.38,81.2 1 0
github.com/tryoutshell/tryoutshell/internal/ui/org_list.go:83.64,84.27 1 0
github.com/tryoutshell/tryoutshell/internal/ui/org_list.go:85.25,87.16 2 0
github.com/tryoutshell/tryoutshell/internal/ui/org_list.go:89.18,90.45 1 0
github.com/tryoutshell/tryoutshell/internal/ui/org_list.go:91.22,93.22 2 0
github.com/tryoutshell/tryoutshell/internal/ui/org_list.go:95.16,97.10 2 0
github.com/tryoutshell/tryoutshell/internal/ui/org_list.go:97.10,99.5 1 0
github.com/tryoutshell/tryoutshell/internal/ui/org_list.go:100.4,100.22 1 0
github.com/tryoutshell/tryoutshell/internal/ui/org_list.go:104.2,106.15 3 0
github.com/tryoutshell/tryoutshell/internal/ui/org_list.go:109.37,110.16 1 0
github.com/tryoutshell/tryoutshell/internal/ui/org_list.go:110.16,112.3 1 0
github.com/tryoutshell/tryoutshell/internal/ui/org_list.go:115.2,129.73 5 0
github.com/tryoutshell/tryoutshell/internal/ui/org_list.go:133.25,141.2 1 0
github.com/tryoutshell/tryoutshell/internal/ui/org_list.go:143.44,145.2 1 0
github.com/tryoutshell/tryoutshell/internal/ui/searchable_lesson_list.go:25.117,27.33 2 0
github.com/tryoutshell/tryoutshell/internal/ui/searchable_lesson_list.go:27.33,29.3 1 0
github.com/tryoutshell/tryoutshell/internal/ui/searchable_lesson_list.go:31.2,48.3 10 0
github.com/tryoutshell/tryoutshell/internal/ui/searchable_lesson_list.go:51.51,53.2 1 0
github.com/tryoutshell/tryoutshell/internal/ui/searchable_lesson_list.go:55.77,58.27 2 0
github.com/tryoutshell/tryoutshell/internal/ui/searchable_lesson_list.go:59.25,61.16 2 0
github.com/tryoutshell/tryoutshell/internal/ui/searchable_lesson_list.go:63.18,64.21 1 0
github.com/tryoutshell/tryoutshell/internal/ui/searchable_lesson_list.go:64.21,65.24 1 0
github.com/tryoutshell/tryoutshell/internal/ui/searchable_lesson_list.go:66.17,67.32 1 0
github.com/tryoutshell/tryoutshell/internal/ui/searchable_lesson_list.go:67.32,69.12 2 0
github.com/tryoutshell/tryoutshell/internal/ui/searchable_lesson_list.go:69.12,71.7 1 0
github.com/tryoutshell/tryoutshell/internal/ui/searchable_lesson_list.go:72.6,72.24 1 0
github.com/tryoutshell/tryoutshell/internal/ui/searchable_lesson_list.go:75.15,79.18 4 0
github.com/tryoutshell/tryoutshell/internal/ui/searchable_lesson_list.go:81.18,83.23 2 0
github.com/tryoutshell/tryoutshell/internal/ui/searchable_lesson_list.go:85.12,88.18 3 0
github.com/tryoutshell/tryoutshell/internal/ui/searchable_lesson_list.go:90.9,91.24 1 0
github.com/tryoutshell/tryoutshell/internal/ui/searchable_lesson_list.go:92.18,95.30 3 0
github.com/tryoutshell/tryoutshell/internal/ui/searchable_lesson_list.go:97.17,99.11 2 0
github.com/tryoutshell/tryoutshell/internal/ui/searchable_lesson_list.go:99.11,101.6 1 0
github.com/tryoutshell/tryoutshell/internal/ui/searchable_lesson_list.go:102.5,102.23 1 0
github.com/tryoutshell/tryoutshell/internal/ui/searchable_lesson_list.go:104.18,106.23 2 0
github.com/tryoutshell/tryoutshell/internal/ui/searchable_lesson_list.go:108.20,110.23 2 0
github.com/tryoutshell/tryoutshell/internal/ui/searchable_lesson_list.go:115.2,115.21 1 0
github.com/tryoutshell/tryoutshell/internal/ui/searchable_lesson_list.go:115.21,117.3 1 0
github.com/tryoutshell/tryoutshell/internal/ui/searchable_lesson_list.go:119.2,119.15 1 0
github.com/tryoutshell/tryoutshell/internal/ui/searchable_lesson_list.go:122.50,125.17 2 0
github.com/tryoutshell/tryoutshell/internal/ui/searchable_lesson_list.go:125.17,128.3 2 0
github.com/tryoutshell/tryoutshell/internal/ui/searchable_lesson_list.go:130.2,131.39 2 0
github.com/tryoutshell/tryoutshell/internal/ui/searchable_lesson_list.go:131.39,139.42 4 0
github.com/tryoutshell/tryoutshell/internal/ui/searchable_lesson_list.go:139.42,141.4 1 0
github.com/tryoutshell/tryoutshell/internal/ui/searchable_lesson_list.go:144.2,145.23 2 0
github.com/tryoutshell/tryoutshell/internal/ui/searchable_lesson_list.go:145.23,147.3 1 0
github.com/tryoutshell/tryoutshell/internal/ui/searchable_lesson_list.go:150.50,151.16 1 0
github.com/tryoutshell/tryoutshell/internal/ui/searchable_lesson_list.go:151.16,153.3 1 0
github.com/tryoutshell/tryoutshell/internal/ui/searchable_lesson_list.go:155.2,158.20 2 0
github.com/tryoutshell/tryoutshell/internal/ui/searchable_lesson_list.go:158.20,171.3 4 0
github.com/tryoutshell/tryoutshell/internal/ui/searchable_lesson_list.go:174.2,177.20 2 0
github.com/tryoutshell/tryoutshell/internal/ui/searchable_lesson_list.go:177.20,182.3 2 0
github.com/tryoutshell/tryoutshell/internal/ui/searchable_lesson_list.go:182.8,187.3 2 0
github.com/tryoutshell/tryoutshell/internal/ui/searchable_lesson_list.go:189.2,189.19 1 0
github.com/tryoutshell/tryoutshell/internal/ui/searchable_lesson_list.go:192.60,194.2 1 0
github.com/tryoutshell/tryoutshell/internal/ui/searchable_lesson_list.go:196.51,198.2 1 0
github.com/tryoutshell/tryoutshell/internal/ui/searchable_list.go:23.63,25.27 2 0
github.com/tryoutshell/tryoutshell/internal/ui/searchable_list.go:25.27,27.3 1 0
github.com/tryoutshell/tryoutshell/internal/ui/searchable_list.go:29.2,45.3 10 0
github.com/tryoutshell/tryoutshell/internal/ui/searchable_list.go:48.45,50.2 1 0
github.com/tryoutshell/tryoutshell/internal/ui/searchable_list.go:52.71,55.27 2 0
github.com/tryoutshell/tryoutshell/internal/ui/searchable_list.go:56.25,58.16 2 0
github.com/tryoutshell/tryoutshell/internal/ui/searchable_list.go:60.18,62.21 1 0
github.com/tryoutshell/tryoutshell/internal/ui/searchable_list.go:62.21,63.24 1 0
github.com/tryoutshell/tryoutshell/internal/ui/searchable_list.go:64.17,66.32 1 0
github.com/tryoutshell/tryoutshell/internal/ui/searchable_list.go:66.32,68.12 2 0
github.com/tryoutshell/tryoutshell/internal/ui/searchable_list.go:68.12,70.7 1 0
github.com/tryoutshell/tryoutshell/internal/ui/searchable_list.go:71.6,71.24 1 0
github.com/tryoutshell/tryoutshell/internal/ui/searchable_list.go:74.15,79.18 4 0
github.com/tryoutshell/tryoutshell/internal/ui/searchable_list.go:81.23,83.23 2 0
github.com/tryoutshell/tryoutshell/internal/ui/searchable_list.go:85.12,91.18 3 0
github.com/tryoutshell/tryoutshell/internal/ui/searchable_list.go:93.9,95.24 1 0
github.com/tryoutshell/tryoutshell/internal/ui/searchable_list.go:96.13,100.30 3 0
github.com/tryoutshell/tryoutshell/internal/ui/searchable_list.go:102.13,106.30 3 0
github.com/tryoutshell/tryoutshell/internal/ui/searchable_list.go:108.17,110.11 2 0
github.com/tryoutshell/tryoutshell/internal/ui/searchable_list.go:110.11,112.6 1 0
github.com/tryoutshell/tryoutshell/internal/ui/searchable_list.go:113.5,113.23 1 0
github.com/tryoutshell/tryoutshell/internal/ui/searchable_list.go:115.23,117.23 2 0
github.com/tryoutshell/tryoutshell/internal/ui/searchable_list.go:123.2,123.21 1 0
github.com/tryoutshell/tryoutshell/internal/ui/searchable_list.go:123.21,125.3 1 0
github.com/tryoutshell/tryoutshell/internal/ui/searchable_list.go:127.2,127.15 1 0
github.com/tryoutshell/tryoutshell/internal/ui/searchable_list.go:130.44,133.17 2 0
github.com/tryoutshell/tryoutshell/internal/ui/searchable_list.go:133.17,137.3 2 0
github.com/tryoutshell/tryoutshell/internal/ui/searchable_list.go:140.2,141.39 2 0
github.com/tryoutshell/tryoutshell/internal/ui/searchable_list.go:141.39,147.62 2 0
github.com/tryoutshell/tryoutshell/internal/ui/searchable_list.go:147.62,149.4 1 0
github.com/tryoutshell/tryoutshell/internal/ui/searchable_list.go:152.2,155.23 2 0
github.com/tryoutshell/tryoutshell/internal/ui/searchable_list.go:155.23,157.3 1 0
github.com/tryoutshell/tryoutshell/internal/ui/searchable_list.go:160.44,161.16 1 0
github.com/tryoutshell/tryoutshell/internal/ui/searchable_list.go:161.16,163.3 1 0
github.com/tryoutshell/tryoutshell/internal/ui/searchable_list.go:165.2,183.20 7 0
github.com/tryoutshell/tryoutshell/internal/ui/searchable_list.go:183.20,196.3 4 0
github.com/tryoutshell/tryoutshell/internal/ui/searchable_list.go:199.2,202.20 2 0
github.com/tryoutshell/tryoutshell/internal/ui/searchable_list.go:202.20,207.3 2 0
github.com/tryoutshell/tryoutshell/internal/ui/searchable_list.go:207.8,212.3 2 0
github.com/tryoutshell/tryoutshell/internal/ui/searchable_list.go:214.2,214.19 1 0
github.com/tryoutshell/tryoutshell/internal/ui/searchable_list.go:217.51,219.2 1 0
github.com/tryoutshell/tryoutshell/internal/ui/styles.go:47.37,199.2 28 0
github.com/tryoutshell/tryoutshell/internal/ui/syntax.go:15.52,18.18 2 0
github.com/tryoutshell/tryoutshell/internal/ui/syntax.go:18.18,20.3 1 0
github.com/tryoutshell/tryoutshell/internal/ui/syntax.go:21.2,25.18 3 0
github.com/tryoutshell/tryoutshell/internal/ui/syntax.go:25.18,27.3 1 0
github.com/tryoutshell/tryoutshell/internal/ui/syntax.go:30.2,31.22 2 0
github.com/tryoutshell/tryoutshell/internal/ui/syntax.go:31.22,33.3 1 0
github.com/tryoutshell/tryoutshell/internal/ui/syntax.go:36.2,37.16 2 0
github.com/tryoutshell/tryoutshell/internal/ui/syntax.go:37.16,39.3 1 0
github.com/tryoutshell/tryoutshell/internal/ui/syntax.go:41.2,43.16 3 0
github.com/tryoutshell/tryoutshell/internal/ui/syntax.go:43.16,45.3 1 0
github.com/tryoutshell/tryoutshell/internal/ui/syntax.go:47.2,47.21 1 0
github.com/tryoutshell/tryoutshell/internal/ui/syntax.go:51.70,65.17 4 0
github.com/tryoutshell/tryoutshell/internal/ui/syntax.go:65.17,70.3 2 0
github.com/tryoutshell/tryoutshell/internal/ui/syntax.go:70.8,72.3 1 0
github.com/tryoutshell/tryoutshell/internal/ui/syntax.go:75.2,81.46 2 0
github.com/tryoutshell/tryoutshell/internal/ui/tabbar.go:17.78,25.2 1 0
github.com/tryoutshell/tryoutshell/internal/ui/tabbar.go:27.33,56.21 10 0
github.com/tryoutshell/tryoutshell/internal/ui/tabbar.go:56.21,58.3 1 0
github.com/tryoutshell/tryoutshell/internal/ui/tabbar.go:60.2,66.83 3 0
github.com/tryoutshell/tryoutshell/internal/ui/theme.go:53.34,54.35 1 0
github.com/tryoutshell/tryoutshell/internal/ui/theme.go:54.35,56.3 1 0
github.com/tryoutshell/tryoutshell/internal/ui/theme.go:57.2,57.26 1 0
github.com/tryoutshell/tryoutshell/internal/ui/views.go:14.44,83.42 13 0
github.com/tryoutshell/tryoutshell/internal/ui/views.go:83.42,87.56 3 0
github.com/tryoutshell/tryoutshell/internal/ui/views.go:87.56,103.4 5 0
github.com/tryoutshell/tryoutshell/internal/ui/views.go:107.2,110.19 3 0
github.com/tryoutshell/tryoutshell/internal/ui/views.go:113.50,122.41 2 0
github.com/tryoutshell/tryoutshell/internal/ui/views.go:122.41,124.3 1 0
github.com/tryoutshell/tryoutshell/internal/ui/views.go:125.2,125.15 1 0
github.com/tryoutshell/tryoutshell/internal/ui/views.go:129.38,130.42 1 0
github.com/tryoutshell/tryoutshell/internal/ui/views.go:130.42,132.3 1 0
github.com/tryoutshell/tryoutshell/internal/ui/views.go:134.2,143.19 5 0
github.com/tryoutshell/tryoutshell/internal/ui/views.go:144.14,145.40 1 0
github.com/tryoutshell/tryoutshell/internal/ui/views.go:146.17,147.43 1 0
github.com/tryoutshell/tryoutshell/internal/ui/views.go:148.14,149.40 1 0
github.com/tryoutshell/tryoutshell/internal/ui/views.go:150.19,151.45 1 0
github.com/tryoutshell/tryoutshell/internal/ui/views.go:152.24,153.45 1 0
github.com/tryoutshell/tryoutshell/internal/ui/views.go:154.10,155.58 1 0
github.com/tryoutshell/tryoutshell/internal/ui/views.go:158.2,158.19 1 0
github.com/tryoutshell/tryoutshell/internal/ui/views.go:162.68,180.27 7 0
github.com/tryoutshell/tryoutshell/internal/ui/views.go:180.27,183.3 2 0
github.com/tryoutshell/tryoutshell/internal/ui/views.go:186.2,186.28 1 0
github.com/tryoutshell/tryoutshell/internal/ui/views.go:186.28,189.3 2 0
github.com/tryoutshell/tryoutshell/internal/ui/views.go:192.2,192.24 1 0
github.com/tryoutshell/tryoutshell/internal/ui/views.go:192.24,201.3 5 0
github.com/tryoutshell/tryoutshell/internal/ui/views.go:204.2,204.61 1 0
github.com/tryoutshell/tryoutshell/internal/ui/views.go:204.61,223.60 8 0
github.com/tryoutshell/tryoutshell/internal/ui/views.go:223.60,231.4 4 0
github.com/tryoutshell/tryoutshell/internal/ui/views.go:234.3,234.32 1 0
github.com/tryoutshell/tryoutshell/internal/ui/views.go:234.32,236.4 1 0
github.com/tryoutshell/tryoutshell/internal/ui/views.go:238.8,238.41 1 0
github.com/tryoutshell/tryoutshell/internal/ui/views.go:238.41,242.3 2 0
github.com/tryoutshell/tryoutshell/internal/ui/views.go:242.8,242.39 1 0
github.com/tryoutshell/tryoutshell/internal/ui/views.go:242.39,254.28 6 0
github.com/tryoutshell/tryoutshell/internal/ui/views.go:254.28,262.4 4 0
github.com/tryoutshell/tryoutshell/internal/ui/views.go:265.3,269.29 3 0
github.com/tryoutshell/tryoutshell/internal/ui/views.go:269.29,271.4 1 0
github.com/tryoutshell/tryoutshell/internal/ui/views.go:274.3,275.37 2 0
github.com/tryoutshell/tryoutshell/internal/ui/views.go:278.2,278.19 1 0
github.com/tryoutshell/tryoutshell/internal/ui/views.go:282.49,286.72 2 0
github.com/tryoutshell/tryoutshell/internal/ui/views.go:286.72,288.3 1 0
github.com/tryoutshell/tryoutshell/internal/ui/views.go:291.2,291.73 1 0
github.com/tryoutshell/tryoutshell/internal/ui/views.go:291.73,293.3 1 0
github.com/tryoutshell/tryoutshell/internal/ui/views.go:296.2,296.37 1 0
github.com/tryoutshell/tryoutshell/internal/ui/views.go:296.37,298.3 1 0
github.com/tryoutshell/tryoutshell/internal/ui/views.go:301.2,301.19 1 0
github.com/tryoutshell/tryoutshell/internal/ui/views.go:305.102,329.26 13 0
github.com/tryoutshell/tryoutshell/internal/ui/views.go:329.26,331.3 1 0
github.com/tryoutshell/tryoutshell/internal/ui/views.go:331.8,333.3 1 0
github.com/tryoutshell/tryoutshell/internal/ui/views.go:336.2,339.25 2 0
github.com/tryoutshell/tryoutshell/internal/ui/views.go:339.25,342.36 3 0
github.com/tryoutshell/tryoutshell/internal/ui/views.go:342.36,344.4 1 0
github.com/tryoutshell/tryoutshell/internal/ui/views.go:345.3,345.29 1 0
github.com/tryoutshell/tryoutshell/internal/ui/views.go:349.2,352.35 3 0
github.com/tryoutshell/tryoutshell/internal/ui/views.go:352.35,358.45 4 0
github.com/tryoutshell/tryoutshell/internal/ui/views.go:358.45,360.57 2 0
github.com/tryoutshell/tryoutshell/internal/ui/views.go:360.57,362.5 1 0
github.com/tryoutshell/tryoutshell/internal/ui/views.go:363.4,363.30 1 0
github.com/tryoutshell/tryoutshell/internal/ui/views.go:368.2,374.59 5 0
github.com/tryoutshell/tryoutshell/internal/ui/views.go:374.59,377.3 2 0
github.com/tryoutshell/tryoutshell/internal/ui/views.go:379.2,389.19 6 0
github.com/tryoutshell/tryoutshell/internal/ui/views.go:393.65,398.30 3 0
github.com/tryoutshell/tryoutshell/internal/ui/views.go:398.30,400.3 1 0
github.com/tryoutshell/tryoutshell/internal/ui/views.go:402.2,402.43 1 0
github.com/tryoutshell/tryoutshell/internal/ui/views.go:402.43,404.3 1 0
github.com/tryoutshell/tryoutshell/internal/ui/views.go:406.2,424.35 7 0
github.com/tryoutshell/tryoutshell/internal/ui/views.go:424.35,428.18 3 0
github.com/tryoutshell/tryoutshell/internal/ui/views.go:428.18,430.38 1 0
github.com/tryoutshell/tryoutshell/internal/ui/views.go:430.38,438.5 3 0
github.com/tryoutshell/tryoutshell/internal/ui/views.go:438.10,438.45 1 0
github.com/tryoutshell/tryoutshell/internal/ui/views.go:438.45,447.5 3 0
github.com/tryoutshell/tryoutshell/internal/ui/views.go:447.10,447.28 1 0
github.com/tryoutshell/tryoutshell/internal/ui/views.go:447.28,454.5 3 0
github.com/tryoutshell/tryoutshell/internal/ui/views.go:454.10,458.5 2 0
github.com/tryoutshell/tryoutshell/internal/ui/views.go:460.9,462.29 1 0
github.com/tryoutshell/tryoutshell/internal/ui/views.go:462.29,470.5 2 0
github.com/tryoutshell/tryoutshell/internal/ui/views.go:470.10,472.5 1 0
github.com/tryoutshell/tryoutshell/internal/ui/views.go:475.3,475.35 1 0
github.com/tryoutshell/tryoutshell/internal/ui/views.go:478.2,481.17 2 0
github.com/tryoutshell/tryoutshell/internal/ui/views.go:481.17,482.27 1 0
github.com/tryoutshell/tryoutshell/internal/ui/views.go:482.27,485.4 2 0
github.com/tryoutshell/tryoutshell/internal/ui/views.go:485.9,493.4 4 0
github.com/tryoutshell/tryoutshell/internal/ui/views.go:496.3,496.26 1 0
github.com/tryoutshell/tryoutshell/internal/ui/views.go:496.26,501.4 2 0
github.com/tryoutshell/tryoutshell/internal/ui/views.go:504.3,505.39 2 0
github.com/tryoutshell/tryoutshell/internal/ui/views.go:505.39,506.44 1 0
github.com/tryoutshell/tryoutshell/internal/ui/views.go:506.44,507.53 1 0
github.com/tryoutshell/tryoutshell/internal/ui/views.go:507.53,509.6 1 0
github.com/tryoutshell/tryoutshell/internal/ui/views.go:512.3,518.37 4 0
github.com/tryoutshell/tryoutshell/internal/ui/views.go:520.8,527.3 2 0
github.com/tryoutshell/tryoutshell/internal/ui/views.go:529.2,529.19 1 0
github.com/tryoutshell/tryoutshell/internal/ui/views.go:533.70,545.46 7 0
github.com/tryoutshell/tryoutshell/internal/ui/views.go:545.46,551.3 3 0
github.com/tryoutshell/tryoutshell/internal/ui/views.go:553.2,556.19 3 0
github.com/tryoutshell/tryoutshell/internal/ui/views.go:560.70,568.28 5 0
github.com/tryoutshell/tryoutshell/internal/ui/views.go:568.28,570.3 1 0
github.com/tryoutshell/tryoutshell/internal/ui/views.go:572.2,572.29 1 0
github.com/tryoutshell/tryoutshell/internal/ui/views.go:572.29,573.36 1 0
github.com/tryoutshell/tryoutshell/internal/ui/views.go:573.36,576.4 2 0
github.com/tryoutshell/tryoutshell/internal/ui/views.go:579.2,587.19 5 0
github.com/tryoutshell/tryoutshell/internal/ui/views.go:592.65,608.40 7 0
github.com/tryoutshell/tryoutshell/internal/ui/views.go:608.40,610.3 1 0
github.com/tryoutshell/tryoutshell/internal/ui/views.go:613.2,613.40 1 0
github.com/tryoutshell/tryoutshell/internal/ui/views.go:613.40,615.3 1 0
github.com/tryoutshell/tryoutshell/internal/ui/views.go:618.2,618.24 1 0
github.com/tryoutshell/tryoutshell/internal/ui/views.go:618.24,620.3 1 0
github.com/tryoutshell/tryoutshell/internal/ui/views.go:623.2,626.19 3 0
github.com/tryoutshell/tryoutshell/internal/ui/views.go:630.42,644.41 7 0
github.com/tryoutshell/tryoutshell/internal/ui/views.go:644.41,646.52 2 0
github.com/tryoutshell/tryoutshell/internal/ui/views.go:646.52,648.4 1 0
github.com/tryoutshell/tryoutshell/internal/ui/views.go:649.3,649.22 1 0
github.com/tryoutshell/tryoutshell/internal/ui/views.go:652.2,655.19 3 0
github.com/tryoutshell/tryoutshell/internal/ui/views.go:660.43,662.32 2 0
github.com/tryoutshell/tryoutshell/internal/ui/views.go:662.32,664.3 1 0
github.com/tryoutshell/tryoutshell/internal/ui/views.go:666.2,676.12 5 0
github.com/tryoutshell/tryoutshell/internal/ui/views.go:679.72,686.2 2 0
github.com/tryoutshell/tryoutshell/internal/ui/views.go:688.70,694.22 4 0
github.com/tryoutshell/tryoutshell/internal/ui/views.go:695.13,697.30 2 0
github.com/tryoutshell/tryoutshell/internal/ui/views.go:698.17,700.34 2 0
github.com/tryoutshell/tryoutshell/internal/ui/views.go:701.10,703.30 2 0
github.com/tryoutshell/tryoutshell/internal/ui/views.go:706.2,706.76 1 0
github.com/tryoutshell/tryoutshell/internal/ui/views.go:710.53,714.29 3 0
github.com/tryoutshell/tryoutshell/internal/ui/views.go:714.29,718.67 1 0
github.com/tryoutshell/tryoutshell/internal/ui/views.go:718.67,722.4 1 0
github.com/tryoutshell/tryoutshell/internal/ui/views.go:725.3,725.69 1 0
github.com/tryoutshell/tryoutshell/internal/ui/views.go:725.69,730.4 1 0
github.com/tryoutshell/tryoutshell/internal/ui/views.go:733.3,742.42 5 0
github.com/tryoutshell/tryoutshell/internal/ui/views.go:745.2,749.19 2 0
github.com/tryoutshell/tryoutshell/internal/ui/views.go:752.57,753.18 1 0
github.com/tryoutshell/tryoutshell/internal/ui/views.go:754.17,755.36 1 0
github.com/tryoutshell/tryoutshell/internal/ui/views.go:756.14,757.23 1 0
github.com/tryoutshell/tryoutshell/internal/ui/views.go:758.19,759.28 1 0
github.com/tryoutshell/tryoutshell/internal/ui/views.go:760.10,761.12 1 0
github.com/tryoutshell/tryoutshell/internal/ui/views.go:765.55,768.18 2 0
github.com/tryoutshell/tryoutshell/internal/ui/views.go:769.17,770.122 1 0
github.com/tryoutshell/tryoutshell/internal/ui/views.go:771.14,772.91 1 0
github.com/tryoutshell/tryoutshell/internal/ui/views.go:773.10,774.86 1 0
github.com/tryoutshell/tryoutshell/internal/ui/views.go:777.2,777.36 1 0
github.com/tryoutshell/tryoutshell/internal/ui/views.go:781.51,788.29 6 0
github.com/tryoutshell/tryoutshell/internal/ui/views.go:788.29,792.40 2 0
github.com/tryoutshell/tryoutshell/internal/ui/views.go:792.40,793.20 1 0
github.com/tryoutshell/tryoutshell/internal/ui/views.go:793.20,797.28 3 0
github.com/tryoutshell/tryoutshell/internal/ui/views.go:797.28,799.6 1 0
github.com/tryoutshell/tryoutshell/internal/ui/views.go:800.5,800.32 1 0
github.com/tryoutshell/tryoutshell/internal/ui/views.go:801.10,810.5 6 0
github.com/tryoutshell/tryoutshell/internal/ui/views.go:811.4,811.12 1 0
github.com/tryoutshell/tryoutshell/internal/ui/views.go:826.3,826.18 1 0
github.com/tryoutshell/tryoutshell/internal/ui/views.go:826.18,828.12 2 0
github.com/tryoutshell/tryoutshell/internal/ui/views.go:832.3,832.41 1 0
github.com/tryoutshell/tryoutshell/internal/ui/views.go:832.41,837.12 5 0
github.com/tryoutshell/tryoutshell/internal/ui/views.go:840.3,840.40 1 0
github.com/tryoutshell/tryoutshell/internal/ui/views.go:840.40,845.12 5 0
github.com/tryoutshell/tryoutshell/internal/ui/views.go:849.3,849.75 1 0
github.com/tryoutshell/tryoutshell/internal/ui/views.go:849.75,853.12 4 0
github.com/tryoutshell/tryoutshell/internal/ui/views.go:857.3,857.56 1 0
github.com/tryoutshell/tryoutshell/internal/ui/views.go:857.56,859.12 2 0
github.com/tryoutshell/tryoutshell/internal/ui/views.go:863.3,863.39 1 0
github.com/tryoutshell/tryoutshell/internal/ui/views.go:863.39,867.12 4 0
github.com/tryoutshell/tryoutshell/internal/ui/views.go:871.3,871.20 1 0
github.com/tryoutshell/tryoutshell/internal/ui/views.go:871.20,873.12 2 0
github.com/tryoutshell/tryoutshell/internal/ui/views.go:877.3,881.59 2 0
github.com/tryoutshell/tryoutshell/internal/ui/views.go:881.60,883.4 0 0
github.com/tryoutshell/tryoutshell/internal/ui/views.go:886.2,886.38 1 0
github.com/tryoutshell/tryoutshell/internal/ui/views.go:890.49,893.65 2 0
github.com/tryoutshell/tryoutshell/internal/ui/views.go:893.65,896.3 2 0
github.com/tryoutshell/tryoutshell/internal/ui/views.go:899.2,900.65 2 0
github.com/tryoutshell/tryoutshell/internal/ui/views.go:900.65,903.3 2 0
github.com/tryoutshell/tryoutshell/internal/ui/views.go:906.2,907.65 2 0
github.com/tryoutshell/tryoutshell/internal/ui/views.go:907.65,909.22 2 0
github.com/tryoutshell/tryoutshell/internal/ui/views.go:909.22,911.4 1 0
github.com/tryoutshell/tryoutshell/internal/ui/views.go:912.3,912.15 1 0
github.com/tryoutshell/tryoutshell/internal/ui/views.go:915.2,915.13 1 0
github.com/tryoutshell/tryoutshell/internal/ui/views.go:919.57,922.65 2 0
github.com/tryoutshell/tryoutshell/internal/ui/views.go:922.65,925.3 2 0
github.com/tryoutshell/tryoutshell/internal/ui/views.go:928.2,929.65 2 0
github.com/tryoutshell/tryoutshell/internal/ui/views.go:929.65,932.3 2 0
github.com/tryoutshell/tryoutshell/internal/ui/views.go:934.2,934.13 1 0
github.com/tryoutshell/tryoutshell/internal/ui/views.go:947.34,950.2 1 0
github.com/tryoutshell/tryoutshell/internal/ui/views.go:952.38,953.18 1 0
github.com/tryoutshell/tryoutshell/internal/ui/views.go:953.18,955.3 1 0
github.com/tryoutshell/tryoutshell/internal/ui/views.go:958.2,963.31 4 0
github.com/tryoutshell/tryoutshell/internal/ui/views.go:963.31,965.3 1 0
github.com/tryoutshell/tryoutshell/internal/ui/views.go:966.2,966.17 1 0
github.com/tryoutshell/tryoutshell/internal/ui/views.go:970.24,971.11 1 0
github.com/tryoutshell/tryoutshell/internal/ui/views.go:971.11,973.3 1 0
github.com/tryoutshell/tryoutshell/internal/ui/views.go:974.2,974.10 1 0
